<?xml version="1.0" encoding="UTF-8"?>
<testsuite xmlns:xsi="http://www.w3.org/2001/XMLSchema-instance" xsi:noNamespaceSchemaLocation="https://maven.apache.org/surefire/maven-surefire-plugin/xsd/surefire-test-report.xsd" name="br.com.alura.microservice.loja.LojaApplicationTests" time="19.288" tests="1" errors="0" skipped="0" failures="0">
  <properties>
    <property name="sun.desktop" value="gnome"/>
    <property name="awt.toolkit" value="sun.awt.X11.XToolkit"/>
    <property name="file.encoding.pkg" value="sun.io"/>
    <property name="java.specification.version" value="1.8"/>
    <property name="sun.cpu.isalist" value=""/>
    <property name="sun.jnu.encoding" value="UTF-8"/>
    <property name="java.class.path" value="/home/fernando/eclipse-workspace/sts-ws-java/microservice-loja/target/test-classes:/home/fernando/eclipse-workspace/sts-ws-java/microservice-loja/target/classes:/home/fernando/.m2/repository/org/springframework/boot/spring-boot-starter-web/2.3.9.RELEASE/spring-boot-starter-web-2.3.9.RELEASE.jar:/home/fernando/.m2/repository/org/springframework/boot/spring-boot-starter/2.3.9.RELEASE/spring-boot-starter-2.3.9.RELEASE.jar:/home/fernando/.m2/repository/org/springframework/boot/spring-boot/2.3.9.RELEASE/spring-boot-2.3.9.RELEASE.jar:/home/fernando/.m2/repository/org/springframework/boot/spring-boot-autoconfigure/2.3.9.RELEASE/spring-boot-autoconfigure-2.3.9.RELEASE.jar:/home/fernando/.m2/repository/org/springframework/boot/spring-boot-starter-logging/2.3.9.RELEASE/spring-boot-starter-logging-2.3.9.RELEASE.jar:/home/fernando/.m2/repository/ch/qos/logback/logback-classic/1.2.3/logback-classic-1.2.3.jar:/home/fernando/.m2/repository/ch/qos/logback/logback-core/1.2.3/logback-core-1.2.3.jar:/home/fernando/.m2/repository/org/apache/logging/log4j/log4j-to-slf4j/2.13.3/log4j-to-slf4j-2.13.3.jar:/home/fernando/.m2/repository/org/apache/logging/log4j/log4j-api/2.13.3/log4j-api-2.13.3.jar:/home/fernando/.m2/repository/org/slf4j/jul-to-slf4j/1.7.30/jul-to-slf4j-1.7.30.jar:/home/fernando/.m2/repository/jakarta/annotation/jakarta.annotation-api/1.3.5/jakarta.annotation-api-1.3.5.jar:/home/fernando/.m2/repository/org/yaml/snakeyaml/1.26/snakeyaml-1.26.jar:/home/fernando/.m2/repository/org/springframework/boot/spring-boot-starter-json/2.3.9.RELEASE/spring-boot-starter-json-2.3.9.RELEASE.jar:/home/fernando/.m2/repository/com/fasterxml/jackson/datatype/jackson-datatype-jdk8/2.11.4/jackson-datatype-jdk8-2.11.4.jar:/home/fernando/.m2/repository/com/fasterxml/jackson/datatype/jackson-datatype-jsr310/2.11.4/jackson-datatype-jsr310-2.11.4.jar:/home/fernando/.m2/repository/com/fasterxml/jackson/module/jackson-module-parameter-names/2.11.4/jackson-module-parameter-names-2.11.4.jar:/home/fernando/.m2/repository/org/springframework/boot/spring-boot-starter-tomcat/2.3.9.RELEASE/spring-boot-starter-tomcat-2.3.9.RELEASE.jar:/home/fernando/.m2/repository/org/apache/tomcat/embed/tomcat-embed-core/9.0.43/tomcat-embed-core-9.0.43.jar:/home/fernando/.m2/repository/org/glassfish/jakarta.el/3.0.3/jakarta.el-3.0.3.jar:/home/fernando/.m2/repository/org/apache/tomcat/embed/tomcat-embed-websocket/9.0.43/tomcat-embed-websocket-9.0.43.jar:/home/fernando/.m2/repository/org/springframework/spring-web/5.2.13.RELEASE/spring-web-5.2.13.RELEASE.jar:/home/fernando/.m2/repository/org/springframework/spring-beans/5.2.13.RELEASE/spring-beans-5.2.13.RELEASE.jar:/home/fernando/.m2/repository/org/springframework/spring-webmvc/5.2.13.RELEASE/spring-webmvc-5.2.13.RELEASE.jar:/home/fernando/.m2/repository/org/springframework/spring-aop/5.2.13.RELEASE/spring-aop-5.2.13.RELEASE.jar:/home/fernando/.m2/repository/org/springframework/spring-context/5.2.13.RELEASE/spring-context-5.2.13.RELEASE.jar:/home/fernando/.m2/repository/org/springframework/spring-expression/5.2.13.RELEASE/spring-expression-5.2.13.RELEASE.jar:/home/fernando/.m2/repository/org/springframework/boot/spring-boot-starter-test/2.3.9.RELEASE/spring-boot-starter-test-2.3.9.RELEASE.jar:/home/fernando/.m2/repository/org/springframework/boot/spring-boot-test/2.3.9.RELEASE/spring-boot-test-2.3.9.RELEASE.jar:/home/fernando/.m2/repository/org/springframework/boot/spring-boot-test-autoconfigure/2.3.9.RELEASE/spring-boot-test-autoconfigure-2.3.9.RELEASE.jar:/home/fernando/.m2/repository/com/jayway/jsonpath/json-path/2.4.0/json-path-2.4.0.jar:/home/fernando/.m2/repository/net/minidev/json-smart/2.3/json-smart-2.3.jar:/home/fernando/.m2/repository/net/minidev/accessors-smart/1.2/accessors-smart-1.2.jar:/home/fernando/.m2/repository/org/slf4j/slf4j-api/1.7.30/slf4j-api-1.7.30.jar:/home/fernando/.m2/repository/jakarta/xml/bind/jakarta.xml.bind-api/2.3.3/jakarta.xml.bind-api-2.3.3.jar:/home/fernando/.m2/repository/jakarta/activation/jakarta.activation-api/1.2.2/jakarta.activation-api-1.2.2.jar:/home/fernando/.m2/repository/org/assertj/assertj-core/3.16.1/assertj-core-3.16.1.jar:/home/fernando/.m2/repository/org/hamcrest/hamcrest/2.2/hamcrest-2.2.jar:/home/fernando/.m2/repository/org/junit/jupiter/junit-jupiter/5.6.3/junit-jupiter-5.6.3.jar:/home/fernando/.m2/repository/org/junit/jupiter/junit-jupiter-api/5.6.3/junit-jupiter-api-5.6.3.jar:/home/fernando/.m2/repository/org/opentest4j/opentest4j/1.2.0/opentest4j-1.2.0.jar:/home/fernando/.m2/repository/org/junit/platform/junit-platform-commons/1.6.3/junit-platform-commons-1.6.3.jar:/home/fernando/.m2/repository/org/junit/jupiter/junit-jupiter-params/5.6.3/junit-jupiter-params-5.6.3.jar:/home/fernando/.m2/repository/org/junit/jupiter/junit-jupiter-engine/5.6.3/junit-jupiter-engine-5.6.3.jar:/home/fernando/.m2/repository/org/junit/vintage/junit-vintage-engine/5.6.3/junit-vintage-engine-5.6.3.jar:/home/fernando/.m2/repository/org/apiguardian/apiguardian-api/1.1.0/apiguardian-api-1.1.0.jar:/home/fernando/.m2/repository/org/junit/platform/junit-platform-engine/1.6.3/junit-platform-engine-1.6.3.jar:/home/fernando/.m2/repository/junit/junit/4.13.2/junit-4.13.2.jar:/home/fernando/.m2/repository/org/mockito/mockito-core/3.3.3/mockito-core-3.3.3.jar:/home/fernando/.m2/repository/net/bytebuddy/byte-buddy/1.10.20/byte-buddy-1.10.20.jar:/home/fernando/.m2/repository/net/bytebuddy/byte-buddy-agent/1.10.20/byte-buddy-agent-1.10.20.jar:/home/fernando/.m2/repository/org/objenesis/objenesis/2.6/objenesis-2.6.jar:/home/fernando/.m2/repository/org/mockito/mockito-junit-jupiter/3.3.3/mockito-junit-jupiter-3.3.3.jar:/home/fernando/.m2/repository/org/skyscreamer/jsonassert/1.5.0/jsonassert-1.5.0.jar:/home/fernando/.m2/repository/com/vaadin/external/google/android-json/0.0.20131108.vaadin1/android-json-0.0.20131108.vaadin1.jar:/home/fernando/.m2/repository/org/springframework/spring-core/5.2.13.RELEASE/spring-core-5.2.13.RELEASE.jar:/home/fernando/.m2/repository/org/springframework/spring-jcl/5.2.13.RELEASE/spring-jcl-5.2.13.RELEASE.jar:/home/fernando/.m2/repository/org/springframework/spring-test/5.2.13.RELEASE/spring-test-5.2.13.RELEASE.jar:/home/fernando/.m2/repository/org/xmlunit/xmlunit-core/2.7.0/xmlunit-core-2.7.0.jar:/home/fernando/.m2/repository/org/springframework/cloud/spring-cloud-starter-netflix-eureka-client/2.2.7.RELEASE/spring-cloud-starter-netflix-eureka-client-2.2.7.RELEASE.jar:/home/fernando/.m2/repository/org/springframework/cloud/spring-cloud-starter/2.2.7.RELEASE/spring-cloud-starter-2.2.7.RELEASE.jar:/home/fernando/.m2/repository/org/springframework/cloud/spring-cloud-context/2.2.7.RELEASE/spring-cloud-context-2.2.7.RELEASE.jar:/home/fernando/.m2/repository/org/springframework/security/spring-security-rsa/1.0.9.RELEASE/spring-security-rsa-1.0.9.RELEASE.jar:/home/fernando/.m2/repository/org/bouncycastle/bcpkix-jdk15on/1.64/bcpkix-jdk15on-1.64.jar:/home/fernando/.m2/repository/org/bouncycastle/bcprov-jdk15on/1.64/bcprov-jdk15on-1.64.jar:/home/fernando/.m2/repository/org/springframework/cloud/spring-cloud-netflix-hystrix/2.2.7.RELEASE/spring-cloud-netflix-hystrix-2.2.7.RELEASE.jar:/home/fernando/.m2/repository/org/springframework/cloud/spring-cloud-netflix-eureka-client/2.2.7.RELEASE/spring-cloud-netflix-eureka-client-2.2.7.RELEASE.jar:/home/fernando/.m2/repository/com/netflix/eureka/eureka-client/1.10.11/eureka-client-1.10.11.jar:/home/fernando/.m2/repository/com/netflix/netflix-commons/netflix-eventbus/0.3.0/netflix-eventbus-0.3.0.jar:/home/fernando/.m2/repository/com/netflix/netflix-commons/netflix-infix/0.3.0/netflix-infix-0.3.0.jar:/home/fernando/.m2/repository/commons-jxpath/commons-jxpath/1.3/commons-jxpath-1.3.jar:/home/fernando/.m2/repository/joda-time/joda-time/2.3/joda-time-2.3.jar:/home/fernando/.m2/repository/org/antlr/antlr-runtime/3.4/antlr-runtime-3.4.jar:/home/fernando/.m2/repository/org/antlr/stringtemplate/3.2.1/stringtemplate-3.2.1.jar:/home/fernando/.m2/repository/com/google/code/gson/gson/2.8.6/gson-2.8.6.jar:/home/fernando/.m2/repository/org/apache/commons/commons-math/2.2/commons-math-2.2.jar:/home/fernando/.m2/repository/com/thoughtworks/xstream/xstream/1.4.14/xstream-1.4.14.jar:/home/fernando/.m2/repository/xmlpull/xmlpull/1.1.3.1/xmlpull-1.1.3.1.jar:/home/fernando/.m2/repository/xpp3/xpp3_min/1.1.4c/xpp3_min-1.1.4c.jar:/home/fernando/.m2/repository/com/netflix/archaius/archaius-core/0.7.7/archaius-core-0.7.7.jar:/home/fernando/.m2/repository/com/google/guava/guava/29.0-jre/guava-29.0-jre.jar:/home/fernando/.m2/repository/com/google/guava/failureaccess/1.0.1/failureaccess-1.0.1.jar:/home/fernando/.m2/repository/com/google/guava/listenablefuture/9999.0-empty-to-avoid-conflict-with-guava/listenablefuture-9999.0-empty-to-avoid-conflict-with-guava.jar:/home/fernando/.m2/repository/org/checkerframework/checker-qual/2.11.1/checker-qual-2.11.1.jar:/home/fernando/.m2/repository/com/google/errorprone/error_prone_annotations/2.3.4/error_prone_annotations-2.3.4.jar:/home/fernando/.m2/repository/com/google/j2objc/j2objc-annotations/1.3/j2objc-annotations-1.3.jar:/home/fernando/.m2/repository/javax/ws/rs/jsr311-api/1.1.1/jsr311-api-1.1.1.jar:/home/fernando/.m2/repository/com/netflix/servo/servo-core/0.12.21/servo-core-0.12.21.jar:/home/fernando/.m2/repository/com/sun/jersey/jersey-core/1.19.1/jersey-core-1.19.1.jar:/home/fernando/.m2/repository/com/sun/jersey/jersey-client/1.19.1/jersey-client-1.19.1.jar:/home/fernando/.m2/repository/com/sun/jersey/contribs/jersey-apache-client4/1.19.1/jersey-apache-client4-1.19.1.jar:/home/fernando/.m2/repository/org/apache/httpcomponents/httpclient/4.5.13/httpclient-4.5.13.jar:/home/fernando/.m2/repository/org/apache/httpcomponents/httpcore/4.4.14/httpcore-4.4.14.jar:/home/fernando/.m2/repository/commons-codec/commons-codec/1.14/commons-codec-1.14.jar:/home/fernando/.m2/repository/commons-configuration/commons-configuration/1.10/commons-configuration-1.10.jar:/home/fernando/.m2/repository/commons-lang/commons-lang/2.6/commons-lang-2.6.jar:/home/fernando/.m2/repository/com/google/inject/guice/4.1.0/guice-4.1.0.jar:/home/fernando/.m2/repository/javax/inject/javax.inject/1/javax.inject-1.jar:/home/fernando/.m2/repository/aopalliance/aopalliance/1.0/aopalliance-1.0.jar:/home/fernando/.m2/repository/com/fasterxml/jackson/core/jackson-annotations/2.11.4/jackson-annotations-2.11.4.jar:/home/fernando/.m2/repository/com/fasterxml/jackson/core/jackson-core/2.11.4/jackson-core-2.11.4.jar:/home/fernando/.m2/repository/org/codehaus/jettison/jettison/1.4.0/jettison-1.4.0.jar:/home/fernando/.m2/repository/com/netflix/eureka/eureka-core/1.10.11/eureka-core-1.10.11.jar:/home/fernando/.m2/repository/com/fasterxml/woodstox/woodstox-core/5.3.0/woodstox-core-5.3.0.jar:/home/fernando/.m2/repository/org/codehaus/woodstox/stax2-api/4.2/stax2-api-4.2.jar:/home/fernando/.m2/repository/org/springframework/cloud/spring-cloud-starter-netflix-archaius/2.2.7.RELEASE/spring-cloud-starter-netflix-archaius-2.2.7.RELEASE.jar:/home/fernando/.m2/repository/org/springframework/cloud/spring-cloud-netflix-ribbon/2.2.7.RELEASE/spring-cloud-netflix-ribbon-2.2.7.RELEASE.jar:/home/fernando/.m2/repository/org/springframework/cloud/spring-cloud-netflix-archaius/2.2.7.RELEASE/spring-cloud-netflix-archaius-2.2.7.RELEASE.jar:/home/fernando/.m2/repository/org/springframework/cloud/spring-cloud-starter-netflix-ribbon/2.2.7.RELEASE/spring-cloud-starter-netflix-ribbon-2.2.7.RELEASE.jar:/home/fernando/.m2/repository/com/netflix/ribbon/ribbon/2.3.0/ribbon-2.3.0.jar:/home/fernando/.m2/repository/com/netflix/ribbon/ribbon-transport/2.3.0/ribbon-transport-2.3.0.jar:/home/fernando/.m2/repository/io/reactivex/rxnetty-contexts/0.4.9/rxnetty-contexts-0.4.9.jar:/home/fernando/.m2/repository/io/reactivex/rxnetty-servo/0.4.9/rxnetty-servo-0.4.9.jar:/home/fernando/.m2/repository/io/reactivex/rxnetty/0.4.9/rxnetty-0.4.9.jar:/home/fernando/.m2/repository/com/netflix/ribbon/ribbon-core/2.3.0/ribbon-core-2.3.0.jar:/home/fernando/.m2/repository/com/netflix/ribbon/ribbon-httpclient/2.3.0/ribbon-httpclient-2.3.0.jar:/home/fernando/.m2/repository/commons-collections/commons-collections/3.2.2/commons-collections-3.2.2.jar:/home/fernando/.m2/repository/com/netflix/netflix-commons/netflix-commons-util/0.3.0/netflix-commons-util-0.3.0.jar:/home/fernando/.m2/repository/com/netflix/ribbon/ribbon-loadbalancer/2.3.0/ribbon-loadbalancer-2.3.0.jar:/home/fernando/.m2/repository/com/netflix/netflix-commons/netflix-statistics/0.1.1/netflix-statistics-0.1.1.jar:/home/fernando/.m2/repository/io/reactivex/rxjava/1.3.8/rxjava-1.3.8.jar:/home/fernando/.m2/repository/org/springframework/cloud/spring-cloud-starter-loadbalancer/2.2.7.RELEASE/spring-cloud-starter-loadbalancer-2.2.7.RELEASE.jar:/home/fernando/.m2/repository/org/springframework/cloud/spring-cloud-loadbalancer/2.2.7.RELEASE/spring-cloud-loadbalancer-2.2.7.RELEASE.jar:/home/fernando/.m2/repository/org/springframework/boot/spring-boot-starter-validation/2.3.9.RELEASE/spring-boot-starter-validation-2.3.9.RELEASE.jar:/home/fernando/.m2/repository/org/hibernate/validator/hibernate-validator/6.1.7.Final/hibernate-validator-6.1.7.Final.jar:/home/fernando/.m2/repository/jakarta/validation/jakarta.validation-api/2.0.2/jakarta.validation-api-2.0.2.jar:/home/fernando/.m2/repository/io/projectreactor/reactor-core/3.3.14.RELEASE/reactor-core-3.3.14.RELEASE.jar:/home/fernando/.m2/repository/io/projectreactor/addons/reactor-extra/3.3.5.RELEASE/reactor-extra-3.3.5.RELEASE.jar:/home/fernando/.m2/repository/org/springframework/boot/spring-boot-starter-cache/2.3.9.RELEASE/spring-boot-starter-cache-2.3.9.RELEASE.jar:/home/fernando/.m2/repository/org/springframework/spring-context-support/5.2.13.RELEASE/spring-context-support-5.2.13.RELEASE.jar:/home/fernando/.m2/repository/com/stoyanr/evictor/1.0.0/evictor-1.0.0.jar:/home/fernando/.m2/repository/com/netflix/ribbon/ribbon-eureka/2.3.0/ribbon-eureka-2.3.0.jar:/home/fernando/.m2/repository/org/springframework/cloud/spring-cloud-starter-openfeign/2.2.7.RELEASE/spring-cloud-starter-openfeign-2.2.7.RELEASE.jar:/home/fernando/.m2/repository/org/springframework/cloud/spring-cloud-openfeign-core/2.2.7.RELEASE/spring-cloud-openfeign-core-2.2.7.RELEASE.jar:/home/fernando/.m2/repository/io/github/openfeign/form/feign-form-spring/3.8.0/feign-form-spring-3.8.0.jar:/home/fernando/.m2/repository/io/github/openfeign/form/feign-form/3.8.0/feign-form-3.8.0.jar:/home/fernando/.m2/repository/commons-fileupload/commons-fileupload/1.4/commons-fileupload-1.4.jar:/home/fernando/.m2/repository/commons-io/commons-io/2.2/commons-io-2.2.jar:/home/fernando/.m2/repository/org/springframework/cloud/spring-cloud-commons/2.2.7.RELEASE/spring-cloud-commons-2.2.7.RELEASE.jar:/home/fernando/.m2/repository/org/springframework/security/spring-security-crypto/5.3.8.RELEASE/spring-security-crypto-5.3.8.RELEASE.jar:/home/fernando/.m2/repository/io/github/openfeign/feign-core/10.10.1/feign-core-10.10.1.jar:/home/fernando/.m2/repository/io/github/openfeign/feign-slf4j/10.10.1/feign-slf4j-10.10.1.jar:/home/fernando/.m2/repository/io/github/openfeign/feign-hystrix/10.10.1/feign-hystrix-10.10.1.jar:/home/fernando/.m2/repository/com/netflix/hystrix/hystrix-core/1.5.18/hystrix-core-1.5.18.jar:/home/fernando/.m2/repository/org/springframework/cloud/spring-cloud-starter-sleuth/2.2.7.RELEASE/spring-cloud-starter-sleuth-2.2.7.RELEASE.jar:/home/fernando/.m2/repository/org/springframework/boot/spring-boot-starter-aop/2.3.9.RELEASE/spring-boot-starter-aop-2.3.9.RELEASE.jar:/home/fernando/.m2/repository/org/aspectj/aspectjweaver/1.9.6/aspectjweaver-1.9.6.jar:/home/fernando/.m2/repository/org/springframework/cloud/spring-cloud-sleuth-core/2.2.7.RELEASE/spring-cloud-sleuth-core-2.2.7.RELEASE.jar:/home/fernando/.m2/repository/org/aspectj/aspectjrt/1.9.6/aspectjrt-1.9.6.jar:/home/fernando/.m2/repository/io/zipkin/brave/brave/5.12.7/brave-5.12.7.jar:/home/fernando/.m2/repository/io/zipkin/reporter2/zipkin-reporter-brave/2.15.2/zipkin-reporter-brave-2.15.2.jar:/home/fernando/.m2/repository/io/zipkin/brave/brave-context-slf4j/5.12.7/brave-context-slf4j-5.12.7.jar:/home/fernando/.m2/repository/io/zipkin/brave/brave-instrumentation-messaging/5.12.7/brave-instrumentation-messaging-5.12.7.jar:/home/fernando/.m2/repository/io/zipkin/brave/brave-instrumentation-rpc/5.12.7/brave-instrumentation-rpc-5.12.7.jar:/home/fernando/.m2/repository/io/zipkin/brave/brave-instrumentation-spring-web/5.12.7/brave-instrumentation-spring-web-5.12.7.jar:/home/fernando/.m2/repository/io/zipkin/brave/brave-instrumentation-http/5.12.7/brave-instrumentation-http-5.12.7.jar:/home/fernando/.m2/repository/io/zipkin/brave/brave-instrumentation-spring-rabbit/5.12.7/brave-instrumentation-spring-rabbit-5.12.7.jar:/home/fernando/.m2/repository/io/zipkin/brave/brave-instrumentation-kafka-clients/5.12.7/brave-instrumentation-kafka-clients-5.12.7.jar:/home/fernando/.m2/repository/io/zipkin/brave/brave-instrumentation-kafka-streams/5.12.7/brave-instrumentation-kafka-streams-5.12.7.jar:/home/fernando/.m2/repository/io/zipkin/brave/brave-instrumentation-httpclient/5.12.7/brave-instrumentation-httpclient-5.12.7.jar:/home/fernando/.m2/repository/io/zipkin/brave/brave-instrumentation-httpasyncclient/5.12.7/brave-instrumentation-httpasyncclient-5.12.7.jar:/home/fernando/.m2/repository/io/zipkin/brave/brave-instrumentation-spring-webmvc/5.12.7/brave-instrumentation-spring-webmvc-5.12.7.jar:/home/fernando/.m2/repository/io/zipkin/brave/brave-instrumentation-servlet/5.12.7/brave-instrumentation-servlet-5.12.7.jar:/home/fernando/.m2/repository/io/zipkin/brave/brave-instrumentation-jms/5.12.7/brave-instrumentation-jms-5.12.7.jar:/home/fernando/.m2/repository/io/zipkin/reporter2/zipkin-reporter-metrics-micrometer/2.15.2/zipkin-reporter-metrics-micrometer-2.15.2.jar:/home/fernando/.m2/repository/io/zipkin/reporter2/zipkin-reporter/2.15.2/zipkin-reporter-2.15.2.jar:/home/fernando/.m2/repository/io/zipkin/zipkin2/zipkin/2.21.7/zipkin-2.21.7.jar:/home/fernando/.m2/repository/io/pivotal/spring/cloud/spring-cloud-services-starter-circuit-breaker/2.4.1/spring-cloud-services-starter-circuit-breaker-2.4.1.jar:/home/fernando/.m2/repository/org/springframework/cloud/spring-cloud-starter-netflix-hystrix/2.2.7.RELEASE/spring-cloud-starter-netflix-hystrix-2.2.7.RELEASE.jar:/home/fernando/.m2/repository/com/netflix/hystrix/hystrix-serialization/1.5.18/hystrix-serialization-1.5.18.jar:/home/fernando/.m2/repository/com/fasterxml/jackson/module/jackson-module-afterburner/2.11.4/jackson-module-afterburner-2.11.4.jar:/home/fernando/.m2/repository/com/netflix/hystrix/hystrix-metrics-event-stream/1.5.18/hystrix-metrics-event-stream-1.5.18.jar:/home/fernando/.m2/repository/com/netflix/hystrix/hystrix-javanica/1.5.18/hystrix-javanica-1.5.18.jar:/home/fernando/.m2/repository/org/apache/commons/commons-lang3/3.10/commons-lang3-3.10.jar:/home/fernando/.m2/repository/org/ow2/asm/asm/5.0.4/asm-5.0.4.jar:/home/fernando/.m2/repository/io/reactivex/rxjava-reactive-streams/1.2.1/rxjava-reactive-streams-1.2.1.jar:/home/fernando/.m2/repository/org/reactivestreams/reactive-streams/1.0.3/reactive-streams-1.0.3.jar:/home/fernando/.m2/repository/org/springframework/cloud/spring-cloud-netflix-hystrix-stream/2.2.7.RELEASE/spring-cloud-netflix-hystrix-stream-2.2.7.RELEASE.jar:/home/fernando/.m2/repository/org/springframework/cloud/spring-cloud-stream/3.0.11.RELEASE/spring-cloud-stream-3.0.11.RELEASE.jar:/home/fernando/.m2/repository/org/springframework/spring-messaging/5.2.13.RELEASE/spring-messaging-5.2.13.RELEASE.jar:/home/fernando/.m2/repository/org/springframework/integration/spring-integration-core/5.3.6.RELEASE/spring-integration-core-5.3.6.RELEASE.jar:/home/fernando/.m2/repository/org/springframework/integration/spring-integration-jmx/5.3.6.RELEASE/spring-integration-jmx-5.3.6.RELEASE.jar:/home/fernando/.m2/repository/org/springframework/retry/spring-retry/1.2.5.RELEASE/spring-retry-1.2.5.RELEASE.jar:/home/fernando/.m2/repository/org/springframework/cloud/spring-cloud-function-context/3.0.13.RELEASE/spring-cloud-function-context-3.0.13.RELEASE.jar:/home/fernando/.m2/repository/net/jodah/typetools/0.6.2/typetools-0.6.2.jar:/home/fernando/.m2/repository/org/springframework/cloud/spring-cloud-function-core/3.0.13.RELEASE/spring-cloud-function-core-3.0.13.RELEASE.jar:/home/fernando/.m2/repository/org/springframework/cloud/spring-cloud-starter-stream-rabbit/3.0.11.RELEASE/spring-cloud-starter-stream-rabbit-3.0.11.RELEASE.jar:/home/fernando/.m2/repository/org/springframework/cloud/spring-cloud-stream-binder-rabbit/3.0.11.RELEASE/spring-cloud-stream-binder-rabbit-3.0.11.RELEASE.jar:/home/fernando/.m2/repository/org/springframework/cloud/spring-cloud-stream-binder-rabbit-core/3.0.11.RELEASE/spring-cloud-stream-binder-rabbit-core-3.0.11.RELEASE.jar:/home/fernando/.m2/repository/org/springframework/integration/spring-integration-amqp/5.3.6.RELEASE/spring-integration-amqp-5.3.6.RELEASE.jar:/home/fernando/.m2/repository/com/rabbitmq/http-client/2.1.0.RELEASE/http-client-2.1.0.RELEASE.jar:/home/fernando/.m2/repository/org/springframework/boot/spring-boot-starter-amqp/2.3.9.RELEASE/spring-boot-starter-amqp-2.3.9.RELEASE.jar:/home/fernando/.m2/repository/org/springframework/amqp/spring-rabbit/2.2.15.RELEASE/spring-rabbit-2.2.15.RELEASE.jar:/home/fernando/.m2/repository/com/rabbitmq/amqp-client/5.9.0/amqp-client-5.9.0.jar:/home/fernando/.m2/repository/org/springframework/amqp/spring-amqp/2.2.15.RELEASE/spring-amqp-2.2.15.RELEASE.jar:/home/fernando/.m2/repository/io/pivotal/spring/cloud/spring-cloud-services-cloudfoundry-connector/2.4.1/spring-cloud-services-cloudfoundry-connector-2.4.1.jar:/home/fernando/.m2/repository/io/pivotal/spring/cloud/spring-cloud-services-connector-core/2.4.1/spring-cloud-services-connector-core-2.4.1.jar:/home/fernando/.m2/repository/org/springframework/cloud/spring-cloud-connectors-core/2.0.7.RELEASE/spring-cloud-connectors-core-2.0.7.RELEASE.jar:/home/fernando/.m2/repository/org/springframework/cloud/spring-cloud-cloudfoundry-connector/2.0.7.RELEASE/spring-cloud-cloudfoundry-connector-2.0.7.RELEASE.jar:/home/fernando/.m2/repository/io/pivotal/spring/cloud/spring-cloud-services-spring-connector/2.4.1/spring-cloud-services-spring-connector-2.4.1.jar:/home/fernando/.m2/repository/org/springframework/cloud/spring-cloud-spring-service-connector/2.0.7.RELEASE/spring-cloud-spring-service-connector-2.0.7.RELEASE.jar:/home/fernando/.m2/repository/io/pivotal/spring/cloud/cloudfoundry-certificate-truster/1.0.1.RELEASE/cloudfoundry-certificate-truster-1.0.1.RELEASE.jar:/home/fernando/.m2/repository/org/springframework/boot/spring-boot-starter-data-jpa/2.3.9.RELEASE/spring-boot-starter-data-jpa-2.3.9.RELEASE.jar:/home/fernando/.m2/repository/org/springframework/boot/spring-boot-starter-jdbc/2.3.9.RELEASE/spring-boot-starter-jdbc-2.3.9.RELEASE.jar:/home/fernando/.m2/repository/com/zaxxer/HikariCP/3.4.5/HikariCP-3.4.5.jar:/home/fernando/.m2/repository/org/springframework/spring-jdbc/5.2.13.RELEASE/spring-jdbc-5.2.13.RELEASE.jar:/home/fernando/.m2/repository/jakarta/transaction/jakarta.transaction-api/1.3.3/jakarta.transaction-api-1.3.3.jar:/home/fernando/.m2/repository/jakarta/persistence/jakarta.persistence-api/2.2.3/jakarta.persistence-api-2.2.3.jar:/home/fernando/.m2/repository/org/hibernate/hibernate-core/5.4.28.Final/hibernate-core-5.4.28.Final.jar:/home/fernando/.m2/repository/org/jboss/logging/jboss-logging/3.4.1.Final/jboss-logging-3.4.1.Final.jar:/home/fernando/.m2/repository/org/javassist/javassist/3.27.0-GA/javassist-3.27.0-GA.jar:/home/fernando/.m2/repository/antlr/antlr/2.7.7/antlr-2.7.7.jar:/home/fernando/.m2/repository/org/jboss/jandex/2.2.3.Final/jandex-2.2.3.Final.jar:/home/fernando/.m2/repository/com/fasterxml/classmate/1.5.1/classmate-1.5.1.jar:/home/fernando/.m2/repository/org/dom4j/dom4j/2.1.3/dom4j-2.1.3.jar:/home/fernando/.m2/repository/org/hibernate/common/hibernate-commons-annotations/5.1.2.Final/hibernate-commons-annotations-5.1.2.Final.jar:/home/fernando/.m2/repository/org/glassfish/jaxb/jaxb-runtime/2.3.3/jaxb-runtime-2.3.3.jar:/home/fernando/.m2/repository/org/glassfish/jaxb/txw2/2.3.3/txw2-2.3.3.jar:/home/fernando/.m2/repository/com/sun/istack/istack-commons-runtime/3.0.11/istack-commons-runtime-3.0.11.jar:/home/fernando/.m2/repository/com/sun/activation/jakarta.activation/1.2.2/jakarta.activation-1.2.2.jar:/home/fernando/.m2/repository/org/springframework/data/spring-data-jpa/2.3.7.RELEASE/spring-data-jpa-2.3.7.RELEASE.jar:/home/fernando/.m2/repository/org/springframework/data/spring-data-commons/2.3.7.RELEASE/spring-data-commons-2.3.7.RELEASE.jar:/home/fernando/.m2/repository/org/springframework/spring-orm/5.2.13.RELEASE/spring-orm-5.2.13.RELEASE.jar:/home/fernando/.m2/repository/org/springframework/spring-tx/5.2.13.RELEASE/spring-tx-5.2.13.RELEASE.jar:/home/fernando/.m2/repository/org/springframework/spring-aspects/5.2.13.RELEASE/spring-aspects-5.2.13.RELEASE.jar:/home/fernando/.m2/repository/org/springframework/cloud/spring-cloud-starter-config/2.2.7.RELEASE/spring-cloud-starter-config-2.2.7.RELEASE.jar:/home/fernando/.m2/repository/org/springframework/cloud/spring-cloud-config-client/2.2.7.RELEASE/spring-cloud-config-client-2.2.7.RELEASE.jar:/home/fernando/.m2/repository/com/fasterxml/jackson/core/jackson-databind/2.11.4/jackson-databind-2.11.4.jar:/home/fernando/.m2/repository/mysql/mysql-connector-java/8.0.23/mysql-connector-java-8.0.23.jar:/home/fernando/.m2/repository/org/springframework/cloud/spring-cloud-starter-bootstrap/3.0.1/spring-cloud-starter-bootstrap-3.0.1.jar:/home/fernando/.m2/repository/org/springframework/boot/spring-boot-starter-actuator/2.3.9.RELEASE/spring-boot-starter-actuator-2.3.9.RELEASE.jar:/home/fernando/.m2/repository/org/springframework/boot/spring-boot-actuator-autoconfigure/2.3.9.RELEASE/spring-boot-actuator-autoconfigure-2.3.9.RELEASE.jar:/home/fernando/.m2/repository/org/springframework/boot/spring-boot-actuator/2.3.9.RELEASE/spring-boot-actuator-2.3.9.RELEASE.jar:/home/fernando/.m2/repository/io/micrometer/micrometer-core/1.5.11/micrometer-core-1.5.11.jar:/home/fernando/.m2/repository/org/hdrhistogram/HdrHistogram/2.1.12/HdrHistogram-2.1.12.jar:/home/fernando/.m2/repository/org/latencyutils/LatencyUtils/2.0.3/LatencyUtils-2.0.3.jar:/home/fernando/.m2/repository/org/springframework/cloud/spring-cloud-starter-oauth2/2.2.4.RELEASE/spring-cloud-starter-oauth2-2.2.4.RELEASE.jar:/home/fernando/.m2/repository/org/springframework/cloud/spring-cloud-starter-security/2.2.4.RELEASE/spring-cloud-starter-security-2.2.4.RELEASE.jar:/home/fernando/.m2/repository/org/springframework/cloud/spring-cloud-security/2.2.4.RELEASE/spring-cloud-security-2.2.4.RELEASE.jar:/home/fernando/.m2/repository/org/springframework/boot/spring-boot-starter-security/2.3.9.RELEASE/spring-boot-starter-security-2.3.9.RELEASE.jar:/home/fernando/.m2/repository/org/springframework/security/oauth/boot/spring-security-oauth2-autoconfigure/2.1.2.RELEASE/spring-security-oauth2-autoconfigure-2.1.2.RELEASE.jar:/home/fernando/.m2/repository/com/sun/xml/bind/jaxb-core/2.3.0.1/jaxb-core-2.3.0.1.jar:/home/fernando/.m2/repository/com/sun/xml/bind/jaxb-impl/2.3.0.1/jaxb-impl-2.3.0.1.jar:/home/fernando/.m2/repository/javax/xml/bind/jaxb-api/2.3.1/jaxb-api-2.3.1.jar:/home/fernando/.m2/repository/javax/activation/javax.activation-api/1.2.0/javax.activation-api-1.2.0.jar:/home/fernando/.m2/repository/org/springframework/security/oauth/spring-security-oauth2/2.3.4.RELEASE/spring-security-oauth2-2.3.4.RELEASE.jar:/home/fernando/.m2/repository/org/springframework/security/spring-security-core/5.3.8.RELEASE/spring-security-core-5.3.8.RELEASE.jar:/home/fernando/.m2/repository/org/springframework/security/spring-security-config/5.3.8.RELEASE/spring-security-config-5.3.8.RELEASE.jar:/home/fernando/.m2/repository/org/springframework/security/spring-security-web/5.3.8.RELEASE/spring-security-web-5.3.8.RELEASE.jar:/home/fernando/.m2/repository/org/codehaus/jackson/jackson-mapper-asl/1.9.13/jackson-mapper-asl-1.9.13.jar:/home/fernando/.m2/repository/org/codehaus/jackson/jackson-core-asl/1.9.13/jackson-core-asl-1.9.13.jar:/home/fernando/.m2/repository/org/springframework/security/spring-security-jwt/1.0.9.RELEASE/spring-security-jwt-1.0.9.RELEASE.jar:"/>
    <property name="java.vm.vendor" value="Private Build"/>
    <property name="sun.arch.data.model" value="64"/>
    <property name="java.vendor.url" value="http://java.oracle.com/"/>
    <property name="user.timezone" value=""/>
    <property name="java.vm.specification.version" value="1.8"/>
    <property name="os.name" value="Linux"/>
    <property name="user.country" value="BR"/>
    <property name="sun.java.launcher" value="SUN_STANDARD"/>
    <property name="sun.boot.library.path" value="/usr/lib/jvm/java-8-openjdk-amd64/jre/lib/amd64"/>
    <property name="sun.java.command" value="/home/fernando/eclipse-workspace/sts-ws-java/microservice-loja/target/surefire/surefirebooter8428564920522626501.jar /home/fernando/eclipse-workspace/sts-ws-java/microservice-loja/target/surefire 2021-04-10T00-05-51_670-jvmRun1 surefire8925764973994523552tmp surefire_04785598996037578437tmp"/>
    <property name="surefire.test.class.path" value="/home/fernando/eclipse-workspace/sts-ws-java/microservice-loja/target/test-classes:/home/fernando/eclipse-workspace/sts-ws-java/microservice-loja/target/classes:/home/fernando/.m2/repository/org/springframework/boot/spring-boot-starter-web/2.3.9.RELEASE/spring-boot-starter-web-2.3.9.RELEASE.jar:/home/fernando/.m2/repository/org/springframework/boot/spring-boot-starter/2.3.9.RELEASE/spring-boot-starter-2.3.9.RELEASE.jar:/home/fernando/.m2/repository/org/springframework/boot/spring-boot/2.3.9.RELEASE/spring-boot-2.3.9.RELEASE.jar:/home/fernando/.m2/repository/org/springframework/boot/spring-boot-autoconfigure/2.3.9.RELEASE/spring-boot-autoconfigure-2.3.9.RELEASE.jar:/home/fernando/.m2/repository/org/springframework/boot/spring-boot-starter-logging/2.3.9.RELEASE/spring-boot-starter-logging-2.3.9.RELEASE.jar:/home/fernando/.m2/repository/ch/qos/logback/logback-classic/1.2.3/logback-classic-1.2.3.jar:/home/fernando/.m2/repository/ch/qos/logback/logback-core/1.2.3/logback-core-1.2.3.jar:/home/fernando/.m2/repository/org/apache/logging/log4j/log4j-to-slf4j/2.13.3/log4j-to-slf4j-2.13.3.jar:/home/fernando/.m2/repository/org/apache/logging/log4j/log4j-api/2.13.3/log4j-api-2.13.3.jar:/home/fernando/.m2/repository/org/slf4j/jul-to-slf4j/1.7.30/jul-to-slf4j-1.7.30.jar:/home/fernando/.m2/repository/jakarta/annotation/jakarta.annotation-api/1.3.5/jakarta.annotation-api-1.3.5.jar:/home/fernando/.m2/repository/org/yaml/snakeyaml/1.26/snakeyaml-1.26.jar:/home/fernando/.m2/repository/org/springframework/boot/spring-boot-starter-json/2.3.9.RELEASE/spring-boot-starter-json-2.3.9.RELEASE.jar:/home/fernando/.m2/repository/com/fasterxml/jackson/datatype/jackson-datatype-jdk8/2.11.4/jackson-datatype-jdk8-2.11.4.jar:/home/fernando/.m2/repository/com/fasterxml/jackson/datatype/jackson-datatype-jsr310/2.11.4/jackson-datatype-jsr310-2.11.4.jar:/home/fernando/.m2/repository/com/fasterxml/jackson/module/jackson-module-parameter-names/2.11.4/jackson-module-parameter-names-2.11.4.jar:/home/fernando/.m2/repository/org/springframework/boot/spring-boot-starter-tomcat/2.3.9.RELEASE/spring-boot-starter-tomcat-2.3.9.RELEASE.jar:/home/fernando/.m2/repository/org/apache/tomcat/embed/tomcat-embed-core/9.0.43/tomcat-embed-core-9.0.43.jar:/home/fernando/.m2/repository/org/glassfish/jakarta.el/3.0.3/jakarta.el-3.0.3.jar:/home/fernando/.m2/repository/org/apache/tomcat/embed/tomcat-embed-websocket/9.0.43/tomcat-embed-websocket-9.0.43.jar:/home/fernando/.m2/repository/org/springframework/spring-web/5.2.13.RELEASE/spring-web-5.2.13.RELEASE.jar:/home/fernando/.m2/repository/org/springframework/spring-beans/5.2.13.RELEASE/spring-beans-5.2.13.RELEASE.jar:/home/fernando/.m2/repository/org/springframework/spring-webmvc/5.2.13.RELEASE/spring-webmvc-5.2.13.RELEASE.jar:/home/fernando/.m2/repository/org/springframework/spring-aop/5.2.13.RELEASE/spring-aop-5.2.13.RELEASE.jar:/home/fernando/.m2/repository/org/springframework/spring-context/5.2.13.RELEASE/spring-context-5.2.13.RELEASE.jar:/home/fernando/.m2/repository/org/springframework/spring-expression/5.2.13.RELEASE/spring-expression-5.2.13.RELEASE.jar:/home/fernando/.m2/repository/org/springframework/boot/spring-boot-starter-test/2.3.9.RELEASE/spring-boot-starter-test-2.3.9.RELEASE.jar:/home/fernando/.m2/repository/org/springframework/boot/spring-boot-test/2.3.9.RELEASE/spring-boot-test-2.3.9.RELEASE.jar:/home/fernando/.m2/repository/org/springframework/boot/spring-boot-test-autoconfigure/2.3.9.RELEASE/spring-boot-test-autoconfigure-2.3.9.RELEASE.jar:/home/fernando/.m2/repository/com/jayway/jsonpath/json-path/2.4.0/json-path-2.4.0.jar:/home/fernando/.m2/repository/net/minidev/json-smart/2.3/json-smart-2.3.jar:/home/fernando/.m2/repository/net/minidev/accessors-smart/1.2/accessors-smart-1.2.jar:/home/fernando/.m2/repository/org/slf4j/slf4j-api/1.7.30/slf4j-api-1.7.30.jar:/home/fernando/.m2/repository/jakarta/xml/bind/jakarta.xml.bind-api/2.3.3/jakarta.xml.bind-api-2.3.3.jar:/home/fernando/.m2/repository/jakarta/activation/jakarta.activation-api/1.2.2/jakarta.activation-api-1.2.2.jar:/home/fernando/.m2/repository/org/assertj/assertj-core/3.16.1/assertj-core-3.16.1.jar:/home/fernando/.m2/repository/org/hamcrest/hamcrest/2.2/hamcrest-2.2.jar:/home/fernando/.m2/repository/org/junit/jupiter/junit-jupiter/5.6.3/junit-jupiter-5.6.3.jar:/home/fernando/.m2/repository/org/junit/jupiter/junit-jupiter-api/5.6.3/junit-jupiter-api-5.6.3.jar:/home/fernando/.m2/repository/org/opentest4j/opentest4j/1.2.0/opentest4j-1.2.0.jar:/home/fernando/.m2/repository/org/junit/platform/junit-platform-commons/1.6.3/junit-platform-commons-1.6.3.jar:/home/fernando/.m2/repository/org/junit/jupiter/junit-jupiter-params/5.6.3/junit-jupiter-params-5.6.3.jar:/home/fernando/.m2/repository/org/junit/jupiter/junit-jupiter-engine/5.6.3/junit-jupiter-engine-5.6.3.jar:/home/fernando/.m2/repository/org/junit/vintage/junit-vintage-engine/5.6.3/junit-vintage-engine-5.6.3.jar:/home/fernando/.m2/repository/org/apiguardian/apiguardian-api/1.1.0/apiguardian-api-1.1.0.jar:/home/fernando/.m2/repository/org/junit/platform/junit-platform-engine/1.6.3/junit-platform-engine-1.6.3.jar:/home/fernando/.m2/repository/junit/junit/4.13.2/junit-4.13.2.jar:/home/fernando/.m2/repository/org/mockito/mockito-core/3.3.3/mockito-core-3.3.3.jar:/home/fernando/.m2/repository/net/bytebuddy/byte-buddy/1.10.20/byte-buddy-1.10.20.jar:/home/fernando/.m2/repository/net/bytebuddy/byte-buddy-agent/1.10.20/byte-buddy-agent-1.10.20.jar:/home/fernando/.m2/repository/org/objenesis/objenesis/2.6/objenesis-2.6.jar:/home/fernando/.m2/repository/org/mockito/mockito-junit-jupiter/3.3.3/mockito-junit-jupiter-3.3.3.jar:/home/fernando/.m2/repository/org/skyscreamer/jsonassert/1.5.0/jsonassert-1.5.0.jar:/home/fernando/.m2/repository/com/vaadin/external/google/android-json/0.0.20131108.vaadin1/android-json-0.0.20131108.vaadin1.jar:/home/fernando/.m2/repository/org/springframework/spring-core/5.2.13.RELEASE/spring-core-5.2.13.RELEASE.jar:/home/fernando/.m2/repository/org/springframework/spring-jcl/5.2.13.RELEASE/spring-jcl-5.2.13.RELEASE.jar:/home/fernando/.m2/repository/org/springframework/spring-test/5.2.13.RELEASE/spring-test-5.2.13.RELEASE.jar:/home/fernando/.m2/repository/org/xmlunit/xmlunit-core/2.7.0/xmlunit-core-2.7.0.jar:/home/fernando/.m2/repository/org/springframework/cloud/spring-cloud-starter-netflix-eureka-client/2.2.7.RELEASE/spring-cloud-starter-netflix-eureka-client-2.2.7.RELEASE.jar:/home/fernando/.m2/repository/org/springframework/cloud/spring-cloud-starter/2.2.7.RELEASE/spring-cloud-starter-2.2.7.RELEASE.jar:/home/fernando/.m2/repository/org/springframework/cloud/spring-cloud-context/2.2.7.RELEASE/spring-cloud-context-2.2.7.RELEASE.jar:/home/fernando/.m2/repository/org/springframework/security/spring-security-rsa/1.0.9.RELEASE/spring-security-rsa-1.0.9.RELEASE.jar:/home/fernando/.m2/repository/org/bouncycastle/bcpkix-jdk15on/1.64/bcpkix-jdk15on-1.64.jar:/home/fernando/.m2/repository/org/bouncycastle/bcprov-jdk15on/1.64/bcprov-jdk15on-1.64.jar:/home/fernando/.m2/repository/org/springframework/cloud/spring-cloud-netflix-hystrix/2.2.7.RELEASE/spring-cloud-netflix-hystrix-2.2.7.RELEASE.jar:/home/fernando/.m2/repository/org/springframework/cloud/spring-cloud-netflix-eureka-client/2.2.7.RELEASE/spring-cloud-netflix-eureka-client-2.2.7.RELEASE.jar:/home/fernando/.m2/repository/com/netflix/eureka/eureka-client/1.10.11/eureka-client-1.10.11.jar:/home/fernando/.m2/repository/com/netflix/netflix-commons/netflix-eventbus/0.3.0/netflix-eventbus-0.3.0.jar:/home/fernando/.m2/repository/com/netflix/netflix-commons/netflix-infix/0.3.0/netflix-infix-0.3.0.jar:/home/fernando/.m2/repository/commons-jxpath/commons-jxpath/1.3/commons-jxpath-1.3.jar:/home/fernando/.m2/repository/joda-time/joda-time/2.3/joda-time-2.3.jar:/home/fernando/.m2/repository/org/antlr/antlr-runtime/3.4/antlr-runtime-3.4.jar:/home/fernando/.m2/repository/org/antlr/stringtemplate/3.2.1/stringtemplate-3.2.1.jar:/home/fernando/.m2/repository/com/google/code/gson/gson/2.8.6/gson-2.8.6.jar:/home/fernando/.m2/repository/org/apache/commons/commons-math/2.2/commons-math-2.2.jar:/home/fernando/.m2/repository/com/thoughtworks/xstream/xstream/1.4.14/xstream-1.4.14.jar:/home/fernando/.m2/repository/xmlpull/xmlpull/1.1.3.1/xmlpull-1.1.3.1.jar:/home/fernando/.m2/repository/xpp3/xpp3_min/1.1.4c/xpp3_min-1.1.4c.jar:/home/fernando/.m2/repository/com/netflix/archaius/archaius-core/0.7.7/archaius-core-0.7.7.jar:/home/fernando/.m2/repository/com/google/guava/guava/29.0-jre/guava-29.0-jre.jar:/home/fernando/.m2/repository/com/google/guava/failureaccess/1.0.1/failureaccess-1.0.1.jar:/home/fernando/.m2/repository/com/google/guava/listenablefuture/9999.0-empty-to-avoid-conflict-with-guava/listenablefuture-9999.0-empty-to-avoid-conflict-with-guava.jar:/home/fernando/.m2/repository/org/checkerframework/checker-qual/2.11.1/checker-qual-2.11.1.jar:/home/fernando/.m2/repository/com/google/errorprone/error_prone_annotations/2.3.4/error_prone_annotations-2.3.4.jar:/home/fernando/.m2/repository/com/google/j2objc/j2objc-annotations/1.3/j2objc-annotations-1.3.jar:/home/fernando/.m2/repository/javax/ws/rs/jsr311-api/1.1.1/jsr311-api-1.1.1.jar:/home/fernando/.m2/repository/com/netflix/servo/servo-core/0.12.21/servo-core-0.12.21.jar:/home/fernando/.m2/repository/com/sun/jersey/jersey-core/1.19.1/jersey-core-1.19.1.jar:/home/fernando/.m2/repository/com/sun/jersey/jersey-client/1.19.1/jersey-client-1.19.1.jar:/home/fernando/.m2/repository/com/sun/jersey/contribs/jersey-apache-client4/1.19.1/jersey-apache-client4-1.19.1.jar:/home/fernando/.m2/repository/org/apache/httpcomponents/httpclient/4.5.13/httpclient-4.5.13.jar:/home/fernando/.m2/repository/org/apache/httpcomponents/httpcore/4.4.14/httpcore-4.4.14.jar:/home/fernando/.m2/repository/commons-codec/commons-codec/1.14/commons-codec-1.14.jar:/home/fernando/.m2/repository/commons-configuration/commons-configuration/1.10/commons-configuration-1.10.jar:/home/fernando/.m2/repository/commons-lang/commons-lang/2.6/commons-lang-2.6.jar:/home/fernando/.m2/repository/com/google/inject/guice/4.1.0/guice-4.1.0.jar:/home/fernando/.m2/repository/javax/inject/javax.inject/1/javax.inject-1.jar:/home/fernando/.m2/repository/aopalliance/aopalliance/1.0/aopalliance-1.0.jar:/home/fernando/.m2/repository/com/fasterxml/jackson/core/jackson-annotations/2.11.4/jackson-annotations-2.11.4.jar:/home/fernando/.m2/repository/com/fasterxml/jackson/core/jackson-core/2.11.4/jackson-core-2.11.4.jar:/home/fernando/.m2/repository/org/codehaus/jettison/jettison/1.4.0/jettison-1.4.0.jar:/home/fernando/.m2/repository/com/netflix/eureka/eureka-core/1.10.11/eureka-core-1.10.11.jar:/home/fernando/.m2/repository/com/fasterxml/woodstox/woodstox-core/5.3.0/woodstox-core-5.3.0.jar:/home/fernando/.m2/repository/org/codehaus/woodstox/stax2-api/4.2/stax2-api-4.2.jar:/home/fernando/.m2/repository/org/springframework/cloud/spring-cloud-starter-netflix-archaius/2.2.7.RELEASE/spring-cloud-starter-netflix-archaius-2.2.7.RELEASE.jar:/home/fernando/.m2/repository/org/springframework/cloud/spring-cloud-netflix-ribbon/2.2.7.RELEASE/spring-cloud-netflix-ribbon-2.2.7.RELEASE.jar:/home/fernando/.m2/repository/org/springframework/cloud/spring-cloud-netflix-archaius/2.2.7.RELEASE/spring-cloud-netflix-archaius-2.2.7.RELEASE.jar:/home/fernando/.m2/repository/org/springframework/cloud/spring-cloud-starter-netflix-ribbon/2.2.7.RELEASE/spring-cloud-starter-netflix-ribbon-2.2.7.RELEASE.jar:/home/fernando/.m2/repository/com/netflix/ribbon/ribbon/2.3.0/ribbon-2.3.0.jar:/home/fernando/.m2/repository/com/netflix/ribbon/ribbon-transport/2.3.0/ribbon-transport-2.3.0.jar:/home/fernando/.m2/repository/io/reactivex/rxnetty-contexts/0.4.9/rxnetty-contexts-0.4.9.jar:/home/fernando/.m2/repository/io/reactivex/rxnetty-servo/0.4.9/rxnetty-servo-0.4.9.jar:/home/fernando/.m2/repository/io/reactivex/rxnetty/0.4.9/rxnetty-0.4.9.jar:/home/fernando/.m2/repository/com/netflix/ribbon/ribbon-core/2.3.0/ribbon-core-2.3.0.jar:/home/fernando/.m2/repository/com/netflix/ribbon/ribbon-httpclient/2.3.0/ribbon-httpclient-2.3.0.jar:/home/fernando/.m2/repository/commons-collections/commons-collections/3.2.2/commons-collections-3.2.2.jar:/home/fernando/.m2/repository/com/netflix/netflix-commons/netflix-commons-util/0.3.0/netflix-commons-util-0.3.0.jar:/home/fernando/.m2/repository/com/netflix/ribbon/ribbon-loadbalancer/2.3.0/ribbon-loadbalancer-2.3.0.jar:/home/fernando/.m2/repository/com/netflix/netflix-commons/netflix-statistics/0.1.1/netflix-statistics-0.1.1.jar:/home/fernando/.m2/repository/io/reactivex/rxjava/1.3.8/rxjava-1.3.8.jar:/home/fernando/.m2/repository/org/springframework/cloud/spring-cloud-starter-loadbalancer/2.2.7.RELEASE/spring-cloud-starter-loadbalancer-2.2.7.RELEASE.jar:/home/fernando/.m2/repository/org/springframework/cloud/spring-cloud-loadbalancer/2.2.7.RELEASE/spring-cloud-loadbalancer-2.2.7.RELEASE.jar:/home/fernando/.m2/repository/org/springframework/boot/spring-boot-starter-validation/2.3.9.RELEASE/spring-boot-starter-validation-2.3.9.RELEASE.jar:/home/fernando/.m2/repository/org/hibernate/validator/hibernate-validator/6.1.7.Final/hibernate-validator-6.1.7.Final.jar:/home/fernando/.m2/repository/jakarta/validation/jakarta.validation-api/2.0.2/jakarta.validation-api-2.0.2.jar:/home/fernando/.m2/repository/io/projectreactor/reactor-core/3.3.14.RELEASE/reactor-core-3.3.14.RELEASE.jar:/home/fernando/.m2/repository/io/projectreactor/addons/reactor-extra/3.3.5.RELEASE/reactor-extra-3.3.5.RELEASE.jar:/home/fernando/.m2/repository/org/springframework/boot/spring-boot-starter-cache/2.3.9.RELEASE/spring-boot-starter-cache-2.3.9.RELEASE.jar:/home/fernando/.m2/repository/org/springframework/spring-context-support/5.2.13.RELEASE/spring-context-support-5.2.13.RELEASE.jar:/home/fernando/.m2/repository/com/stoyanr/evictor/1.0.0/evictor-1.0.0.jar:/home/fernando/.m2/repository/com/netflix/ribbon/ribbon-eureka/2.3.0/ribbon-eureka-2.3.0.jar:/home/fernando/.m2/repository/org/springframework/cloud/spring-cloud-starter-openfeign/2.2.7.RELEASE/spring-cloud-starter-openfeign-2.2.7.RELEASE.jar:/home/fernando/.m2/repository/org/springframework/cloud/spring-cloud-openfeign-core/2.2.7.RELEASE/spring-cloud-openfeign-core-2.2.7.RELEASE.jar:/home/fernando/.m2/repository/io/github/openfeign/form/feign-form-spring/3.8.0/feign-form-spring-3.8.0.jar:/home/fernando/.m2/repository/io/github/openfeign/form/feign-form/3.8.0/feign-form-3.8.0.jar:/home/fernando/.m2/repository/commons-fileupload/commons-fileupload/1.4/commons-fileupload-1.4.jar:/home/fernando/.m2/repository/commons-io/commons-io/2.2/commons-io-2.2.jar:/home/fernando/.m2/repository/org/springframework/cloud/spring-cloud-commons/2.2.7.RELEASE/spring-cloud-commons-2.2.7.RELEASE.jar:/home/fernando/.m2/repository/org/springframework/security/spring-security-crypto/5.3.8.RELEASE/spring-security-crypto-5.3.8.RELEASE.jar:/home/fernando/.m2/repository/io/github/openfeign/feign-core/10.10.1/feign-core-10.10.1.jar:/home/fernando/.m2/repository/io/github/openfeign/feign-slf4j/10.10.1/feign-slf4j-10.10.1.jar:/home/fernando/.m2/repository/io/github/openfeign/feign-hystrix/10.10.1/feign-hystrix-10.10.1.jar:/home/fernando/.m2/repository/com/netflix/hystrix/hystrix-core/1.5.18/hystrix-core-1.5.18.jar:/home/fernando/.m2/repository/org/springframework/cloud/spring-cloud-starter-sleuth/2.2.7.RELEASE/spring-cloud-starter-sleuth-2.2.7.RELEASE.jar:/home/fernando/.m2/repository/org/springframework/boot/spring-boot-starter-aop/2.3.9.RELEASE/spring-boot-starter-aop-2.3.9.RELEASE.jar:/home/fernando/.m2/repository/org/aspectj/aspectjweaver/1.9.6/aspectjweaver-1.9.6.jar:/home/fernando/.m2/repository/org/springframework/cloud/spring-cloud-sleuth-core/2.2.7.RELEASE/spring-cloud-sleuth-core-2.2.7.RELEASE.jar:/home/fernando/.m2/repository/org/aspectj/aspectjrt/1.9.6/aspectjrt-1.9.6.jar:/home/fernando/.m2/repository/io/zipkin/brave/brave/5.12.7/brave-5.12.7.jar:/home/fernando/.m2/repository/io/zipkin/reporter2/zipkin-reporter-brave/2.15.2/zipkin-reporter-brave-2.15.2.jar:/home/fernando/.m2/repository/io/zipkin/brave/brave-context-slf4j/5.12.7/brave-context-slf4j-5.12.7.jar:/home/fernando/.m2/repository/io/zipkin/brave/brave-instrumentation-messaging/5.12.7/brave-instrumentation-messaging-5.12.7.jar:/home/fernando/.m2/repository/io/zipkin/brave/brave-instrumentation-rpc/5.12.7/brave-instrumentation-rpc-5.12.7.jar:/home/fernando/.m2/repository/io/zipkin/brave/brave-instrumentation-spring-web/5.12.7/brave-instrumentation-spring-web-5.12.7.jar:/home/fernando/.m2/repository/io/zipkin/brave/brave-instrumentation-http/5.12.7/brave-instrumentation-http-5.12.7.jar:/home/fernando/.m2/repository/io/zipkin/brave/brave-instrumentation-spring-rabbit/5.12.7/brave-instrumentation-spring-rabbit-5.12.7.jar:/home/fernando/.m2/repository/io/zipkin/brave/brave-instrumentation-kafka-clients/5.12.7/brave-instrumentation-kafka-clients-5.12.7.jar:/home/fernando/.m2/repository/io/zipkin/brave/brave-instrumentation-kafka-streams/5.12.7/brave-instrumentation-kafka-streams-5.12.7.jar:/home/fernando/.m2/repository/io/zipkin/brave/brave-instrumentation-httpclient/5.12.7/brave-instrumentation-httpclient-5.12.7.jar:/home/fernando/.m2/repository/io/zipkin/brave/brave-instrumentation-httpasyncclient/5.12.7/brave-instrumentation-httpasyncclient-5.12.7.jar:/home/fernando/.m2/repository/io/zipkin/brave/brave-instrumentation-spring-webmvc/5.12.7/brave-instrumentation-spring-webmvc-5.12.7.jar:/home/fernando/.m2/repository/io/zipkin/brave/brave-instrumentation-servlet/5.12.7/brave-instrumentation-servlet-5.12.7.jar:/home/fernando/.m2/repository/io/zipkin/brave/brave-instrumentation-jms/5.12.7/brave-instrumentation-jms-5.12.7.jar:/home/fernando/.m2/repository/io/zipkin/reporter2/zipkin-reporter-metrics-micrometer/2.15.2/zipkin-reporter-metrics-micrometer-2.15.2.jar:/home/fernando/.m2/repository/io/zipkin/reporter2/zipkin-reporter/2.15.2/zipkin-reporter-2.15.2.jar:/home/fernando/.m2/repository/io/zipkin/zipkin2/zipkin/2.21.7/zipkin-2.21.7.jar:/home/fernando/.m2/repository/io/pivotal/spring/cloud/spring-cloud-services-starter-circuit-breaker/2.4.1/spring-cloud-services-starter-circuit-breaker-2.4.1.jar:/home/fernando/.m2/repository/org/springframework/cloud/spring-cloud-starter-netflix-hystrix/2.2.7.RELEASE/spring-cloud-starter-netflix-hystrix-2.2.7.RELEASE.jar:/home/fernando/.m2/repository/com/netflix/hystrix/hystrix-serialization/1.5.18/hystrix-serialization-1.5.18.jar:/home/fernando/.m2/repository/com/fasterxml/jackson/module/jackson-module-afterburner/2.11.4/jackson-module-afterburner-2.11.4.jar:/home/fernando/.m2/repository/com/netflix/hystrix/hystrix-metrics-event-stream/1.5.18/hystrix-metrics-event-stream-1.5.18.jar:/home/fernando/.m2/repository/com/netflix/hystrix/hystrix-javanica/1.5.18/hystrix-javanica-1.5.18.jar:/home/fernando/.m2/repository/org/apache/commons/commons-lang3/3.10/commons-lang3-3.10.jar:/home/fernando/.m2/repository/org/ow2/asm/asm/5.0.4/asm-5.0.4.jar:/home/fernando/.m2/repository/io/reactivex/rxjava-reactive-streams/1.2.1/rxjava-reactive-streams-1.2.1.jar:/home/fernando/.m2/repository/org/reactivestreams/reactive-streams/1.0.3/reactive-streams-1.0.3.jar:/home/fernando/.m2/repository/org/springframework/cloud/spring-cloud-netflix-hystrix-stream/2.2.7.RELEASE/spring-cloud-netflix-hystrix-stream-2.2.7.RELEASE.jar:/home/fernando/.m2/repository/org/springframework/cloud/spring-cloud-stream/3.0.11.RELEASE/spring-cloud-stream-3.0.11.RELEASE.jar:/home/fernando/.m2/repository/org/springframework/spring-messaging/5.2.13.RELEASE/spring-messaging-5.2.13.RELEASE.jar:/home/fernando/.m2/repository/org/springframework/integration/spring-integration-core/5.3.6.RELEASE/spring-integration-core-5.3.6.RELEASE.jar:/home/fernando/.m2/repository/org/springframework/integration/spring-integration-jmx/5.3.6.RELEASE/spring-integration-jmx-5.3.6.RELEASE.jar:/home/fernando/.m2/repository/org/springframework/retry/spring-retry/1.2.5.RELEASE/spring-retry-1.2.5.RELEASE.jar:/home/fernando/.m2/repository/org/springframework/cloud/spring-cloud-function-context/3.0.13.RELEASE/spring-cloud-function-context-3.0.13.RELEASE.jar:/home/fernando/.m2/repository/net/jodah/typetools/0.6.2/typetools-0.6.2.jar:/home/fernando/.m2/repository/org/springframework/cloud/spring-cloud-function-core/3.0.13.RELEASE/spring-cloud-function-core-3.0.13.RELEASE.jar:/home/fernando/.m2/repository/org/springframework/cloud/spring-cloud-starter-stream-rabbit/3.0.11.RELEASE/spring-cloud-starter-stream-rabbit-3.0.11.RELEASE.jar:/home/fernando/.m2/repository/org/springframework/cloud/spring-cloud-stream-binder-rabbit/3.0.11.RELEASE/spring-cloud-stream-binder-rabbit-3.0.11.RELEASE.jar:/home/fernando/.m2/repository/org/springframework/cloud/spring-cloud-stream-binder-rabbit-core/3.0.11.RELEASE/spring-cloud-stream-binder-rabbit-core-3.0.11.RELEASE.jar:/home/fernando/.m2/repository/org/springframework/integration/spring-integration-amqp/5.3.6.RELEASE/spring-integration-amqp-5.3.6.RELEASE.jar:/home/fernando/.m2/repository/com/rabbitmq/http-client/2.1.0.RELEASE/http-client-2.1.0.RELEASE.jar:/home/fernando/.m2/repository/org/springframework/boot/spring-boot-starter-amqp/2.3.9.RELEASE/spring-boot-starter-amqp-2.3.9.RELEASE.jar:/home/fernando/.m2/repository/org/springframework/amqp/spring-rabbit/2.2.15.RELEASE/spring-rabbit-2.2.15.RELEASE.jar:/home/fernando/.m2/repository/com/rabbitmq/amqp-client/5.9.0/amqp-client-5.9.0.jar:/home/fernando/.m2/repository/org/springframework/amqp/spring-amqp/2.2.15.RELEASE/spring-amqp-2.2.15.RELEASE.jar:/home/fernando/.m2/repository/io/pivotal/spring/cloud/spring-cloud-services-cloudfoundry-connector/2.4.1/spring-cloud-services-cloudfoundry-connector-2.4.1.jar:/home/fernando/.m2/repository/io/pivotal/spring/cloud/spring-cloud-services-connector-core/2.4.1/spring-cloud-services-connector-core-2.4.1.jar:/home/fernando/.m2/repository/org/springframework/cloud/spring-cloud-connectors-core/2.0.7.RELEASE/spring-cloud-connectors-core-2.0.7.RELEASE.jar:/home/fernando/.m2/repository/org/springframework/cloud/spring-cloud-cloudfoundry-connector/2.0.7.RELEASE/spring-cloud-cloudfoundry-connector-2.0.7.RELEASE.jar:/home/fernando/.m2/repository/io/pivotal/spring/cloud/spring-cloud-services-spring-connector/2.4.1/spring-cloud-services-spring-connector-2.4.1.jar:/home/fernando/.m2/repository/org/springframework/cloud/spring-cloud-spring-service-connector/2.0.7.RELEASE/spring-cloud-spring-service-connector-2.0.7.RELEASE.jar:/home/fernando/.m2/repository/io/pivotal/spring/cloud/cloudfoundry-certificate-truster/1.0.1.RELEASE/cloudfoundry-certificate-truster-1.0.1.RELEASE.jar:/home/fernando/.m2/repository/org/springframework/boot/spring-boot-starter-data-jpa/2.3.9.RELEASE/spring-boot-starter-data-jpa-2.3.9.RELEASE.jar:/home/fernando/.m2/repository/org/springframework/boot/spring-boot-starter-jdbc/2.3.9.RELEASE/spring-boot-starter-jdbc-2.3.9.RELEASE.jar:/home/fernando/.m2/repository/com/zaxxer/HikariCP/3.4.5/HikariCP-3.4.5.jar:/home/fernando/.m2/repository/org/springframework/spring-jdbc/5.2.13.RELEASE/spring-jdbc-5.2.13.RELEASE.jar:/home/fernando/.m2/repository/jakarta/transaction/jakarta.transaction-api/1.3.3/jakarta.transaction-api-1.3.3.jar:/home/fernando/.m2/repository/jakarta/persistence/jakarta.persistence-api/2.2.3/jakarta.persistence-api-2.2.3.jar:/home/fernando/.m2/repository/org/hibernate/hibernate-core/5.4.28.Final/hibernate-core-5.4.28.Final.jar:/home/fernando/.m2/repository/org/jboss/logging/jboss-logging/3.4.1.Final/jboss-logging-3.4.1.Final.jar:/home/fernando/.m2/repository/org/javassist/javassist/3.27.0-GA/javassist-3.27.0-GA.jar:/home/fernando/.m2/repository/antlr/antlr/2.7.7/antlr-2.7.7.jar:/home/fernando/.m2/repository/org/jboss/jandex/2.2.3.Final/jandex-2.2.3.Final.jar:/home/fernando/.m2/repository/com/fasterxml/classmate/1.5.1/classmate-1.5.1.jar:/home/fernando/.m2/repository/org/dom4j/dom4j/2.1.3/dom4j-2.1.3.jar:/home/fernando/.m2/repository/org/hibernate/common/hibernate-commons-annotations/5.1.2.Final/hibernate-commons-annotations-5.1.2.Final.jar:/home/fernando/.m2/repository/org/glassfish/jaxb/jaxb-runtime/2.3.3/jaxb-runtime-2.3.3.jar:/home/fernando/.m2/repository/org/glassfish/jaxb/txw2/2.3.3/txw2-2.3.3.jar:/home/fernando/.m2/repository/com/sun/istack/istack-commons-runtime/3.0.11/istack-commons-runtime-3.0.11.jar:/home/fernando/.m2/repository/com/sun/activation/jakarta.activation/1.2.2/jakarta.activation-1.2.2.jar:/home/fernando/.m2/repository/org/springframework/data/spring-data-jpa/2.3.7.RELEASE/spring-data-jpa-2.3.7.RELEASE.jar:/home/fernando/.m2/repository/org/springframework/data/spring-data-commons/2.3.7.RELEASE/spring-data-commons-2.3.7.RELEASE.jar:/home/fernando/.m2/repository/org/springframework/spring-orm/5.2.13.RELEASE/spring-orm-5.2.13.RELEASE.jar:/home/fernando/.m2/repository/org/springframework/spring-tx/5.2.13.RELEASE/spring-tx-5.2.13.RELEASE.jar:/home/fernando/.m2/repository/org/springframework/spring-aspects/5.2.13.RELEASE/spring-aspects-5.2.13.RELEASE.jar:/home/fernando/.m2/repository/org/springframework/cloud/spring-cloud-starter-config/2.2.7.RELEASE/spring-cloud-starter-config-2.2.7.RELEASE.jar:/home/fernando/.m2/repository/org/springframework/cloud/spring-cloud-config-client/2.2.7.RELEASE/spring-cloud-config-client-2.2.7.RELEASE.jar:/home/fernando/.m2/repository/com/fasterxml/jackson/core/jackson-databind/2.11.4/jackson-databind-2.11.4.jar:/home/fernando/.m2/repository/mysql/mysql-connector-java/8.0.23/mysql-connector-java-8.0.23.jar:/home/fernando/.m2/repository/org/springframework/cloud/spring-cloud-starter-bootstrap/3.0.1/spring-cloud-starter-bootstrap-3.0.1.jar:/home/fernando/.m2/repository/org/springframework/boot/spring-boot-starter-actuator/2.3.9.RELEASE/spring-boot-starter-actuator-2.3.9.RELEASE.jar:/home/fernando/.m2/repository/org/springframework/boot/spring-boot-actuator-autoconfigure/2.3.9.RELEASE/spring-boot-actuator-autoconfigure-2.3.9.RELEASE.jar:/home/fernando/.m2/repository/org/springframework/boot/spring-boot-actuator/2.3.9.RELEASE/spring-boot-actuator-2.3.9.RELEASE.jar:/home/fernando/.m2/repository/io/micrometer/micrometer-core/1.5.11/micrometer-core-1.5.11.jar:/home/fernando/.m2/repository/org/hdrhistogram/HdrHistogram/2.1.12/HdrHistogram-2.1.12.jar:/home/fernando/.m2/repository/org/latencyutils/LatencyUtils/2.0.3/LatencyUtils-2.0.3.jar:/home/fernando/.m2/repository/org/springframework/cloud/spring-cloud-starter-oauth2/2.2.4.RELEASE/spring-cloud-starter-oauth2-2.2.4.RELEASE.jar:/home/fernando/.m2/repository/org/springframework/cloud/spring-cloud-starter-security/2.2.4.RELEASE/spring-cloud-starter-security-2.2.4.RELEASE.jar:/home/fernando/.m2/repository/org/springframework/cloud/spring-cloud-security/2.2.4.RELEASE/spring-cloud-security-2.2.4.RELEASE.jar:/home/fernando/.m2/repository/org/springframework/boot/spring-boot-starter-security/2.3.9.RELEASE/spring-boot-starter-security-2.3.9.RELEASE.jar:/home/fernando/.m2/repository/org/springframework/security/oauth/boot/spring-security-oauth2-autoconfigure/2.1.2.RELEASE/spring-security-oauth2-autoconfigure-2.1.2.RELEASE.jar:/home/fernando/.m2/repository/com/sun/xml/bind/jaxb-core/2.3.0.1/jaxb-core-2.3.0.1.jar:/home/fernando/.m2/repository/com/sun/xml/bind/jaxb-impl/2.3.0.1/jaxb-impl-2.3.0.1.jar:/home/fernando/.m2/repository/javax/xml/bind/jaxb-api/2.3.1/jaxb-api-2.3.1.jar:/home/fernando/.m2/repository/javax/activation/javax.activation-api/1.2.0/javax.activation-api-1.2.0.jar:/home/fernando/.m2/repository/org/springframework/security/oauth/spring-security-oauth2/2.3.4.RELEASE/spring-security-oauth2-2.3.4.RELEASE.jar:/home/fernando/.m2/repository/org/springframework/security/spring-security-core/5.3.8.RELEASE/spring-security-core-5.3.8.RELEASE.jar:/home/fernando/.m2/repository/org/springframework/security/spring-security-config/5.3.8.RELEASE/spring-security-config-5.3.8.RELEASE.jar:/home/fernando/.m2/repository/org/springframework/security/spring-security-web/5.3.8.RELEASE/spring-security-web-5.3.8.RELEASE.jar:/home/fernando/.m2/repository/org/codehaus/jackson/jackson-mapper-asl/1.9.13/jackson-mapper-asl-1.9.13.jar:/home/fernando/.m2/repository/org/codehaus/jackson/jackson-core-asl/1.9.13/jackson-core-asl-1.9.13.jar:/home/fernando/.m2/repository/org/springframework/security/spring-security-jwt/1.0.9.RELEASE/spring-security-jwt-1.0.9.RELEASE.jar:"/>
    <property name="sun.cpu.endian" value="little"/>
    <property name="user.home" value="/home/fernando"/>
    <property name="user.language" value="pt"/>
    <property name="java.specification.vendor" value="Oracle Corporation"/>
    <property name="java.home" value="/usr/lib/jvm/java-8-openjdk-amd64/jre"/>
    <property name="basedir" value="/home/fernando/eclipse-workspace/sts-ws-java/microservice-loja"/>
    <property name="style.color" value="always"/>
    <property name="file.separator" value="/"/>
    <property name="line.separator" value="&#10;"/>
    <property name="java.vm.specification.vendor" value="Oracle Corporation"/>
    <property name="java.specification.name" value="Java Platform API Specification"/>
    <property name="java.awt.graphicsenv" value="sun.awt.X11GraphicsEnvironment"/>
    <property name="surefire.real.class.path" value="/home/fernando/eclipse-workspace/sts-ws-java/microservice-loja/target/surefire/surefirebooter8428564920522626501.jar"/>
    <property name="sun.boot.class.path" value="/usr/lib/jvm/java-8-openjdk-amd64/jre/lib/resources.jar:/usr/lib/jvm/java-8-openjdk-amd64/jre/lib/rt.jar:/usr/lib/jvm/java-8-openjdk-amd64/jre/lib/sunrsasign.jar:/usr/lib/jvm/java-8-openjdk-amd64/jre/lib/jsse.jar:/usr/lib/jvm/java-8-openjdk-amd64/jre/lib/jce.jar:/usr/lib/jvm/java-8-openjdk-amd64/jre/lib/charsets.jar:/usr/lib/jvm/java-8-openjdk-amd64/jre/lib/jfr.jar:/usr/lib/jvm/java-8-openjdk-amd64/jre/classes"/>
    <property name="sun.management.compiler" value="HotSpot 64-Bit Tiered Compilers"/>
    <property name="java.runtime.version" value="1.8.0_282-8u282-b08-0ubuntu1~20.04-b08"/>
    <property name="user.name" value="fernando"/>
    <property name="path.separator" value=":"/>
    <property name="os.version" value="5.4.0-70-generic"/>
    <property name="java.endorsed.dirs" value="/usr/lib/jvm/java-8-openjdk-amd64/jre/lib/endorsed"/>
    <property name="java.runtime.name" value="OpenJDK Runtime Environment"/>
    <property name="file.encoding" value="UTF-8"/>
    <property name="java.vm.name" value="OpenJDK 64-Bit Server VM"/>
    <property name="localRepository" value="/home/fernando/.m2/repository"/>
    <property name="java.vendor.url.bug" value="http://bugreport.sun.com/bugreport/"/>
    <property name="java.io.tmpdir" value="/tmp"/>
    <property name="java.version" value="1.8.0_282"/>
    <property name="user.dir" value="/home/fernando/eclipse-workspace/sts-ws-java/microservice-loja"/>
    <property name="os.arch" value="amd64"/>
    <property name="java.vm.specification.name" value="Java Virtual Machine Specification"/>
    <property name="java.awt.printerjob" value="sun.print.PSPrinterJob"/>
    <property name="sun.os.patch.level" value="unknown"/>
    <property name="java.library.path" value="/usr/java/packages/lib/amd64:/usr/lib/x86_64-linux-gnu/jni:/lib/x86_64-linux-gnu:/usr/lib/x86_64-linux-gnu:/usr/lib/jni:/lib:/usr/lib"/>
    <property name="java.vm.info" value="mixed mode"/>
    <property name="java.vendor" value="Private Build"/>
    <property name="java.vm.version" value="25.282-b08"/>
    <property name="java.ext.dirs" value="/usr/lib/jvm/java-8-openjdk-amd64/jre/lib/ext:/usr/java/packages/lib/ext"/>
    <property name="sun.io.unicode.encoding" value="UnicodeLittle"/>
    <property name="java.class.version" value="52.0"/>
  </properties>
  <testcase name="contextLoads" classname="br.com.alura.microservice.loja.LojaApplicationTests" time="0.053"/>
</testsuite>